<coverage line-rate="0.52">
  <packages>
    <package line-rate="0" name="&lt;root&gt;">
      <classes>
        <class line-rate="0" name="Routes" filename="target/scala-2.10/src_managed/main/routes_routing.scala">
          <methods/>
          <lines>
            <line number="17" hits="0"/>
            <line number="20" hits="0"/>
            <line number="21" hits="0"/>
            <line number="22" hits="0"/>
            <line number="26" hits="0"/>
            <line number="28" hits="0"/>
            <line number="32" hits="0"/>
            <line number="36" hits="0"/>
            <line number="40" hits="0"/>
            <line number="44" hits="0"/>
            <line number="48" hits="0"/>
            <line number="50" hits="0"/>
            <line number="51" hits="0"/>
            <line number="52" hits="0"/>
            <line number="56" hits="0"/>
          </lines>
        </class>
      </classes>
    </package>
    <package line-rate="0" name="controllers">
      <classes>
        <class line-rate="0" name="Application" filename="app/controllers/Application.scala">
          <methods/>
          <lines>
            <line number="16" hits="0"/>
            <line number="22" hits="0"/>
            <line number="23" hits="0"/>
            <line number="24" hits="0"/>
            <line number="26" hits="0"/>
            <line number="27" hits="0"/>
            <line number="29" hits="0"/>
            <line number="30" hits="0"/>
            <line number="32" hits="0"/>
            <line number="34" hits="0"/>
            <line number="39" hits="0"/>
            <line number="40" hits="0"/>
            <line number="41" hits="0"/>
            <line number="43" hits="0"/>
            <line number="44" hits="0"/>
            <line number="46" hits="0"/>
            <line number="53" hits="0"/>
            <line number="56" hits="0"/>
          </lines>
        </class>
        <class 
        line-rate="0" name="ReverseApplication" filename="target/scala-2.10/src_managed/main/routes_reverseRouting.scala">
          <methods/>
          <lines>
            <line number="40" hits="0"/>
            <line number="45" hits="0"/>
            <line number="51" hits="0"/>
            <line number="57" hits="0"/>
            <line number="63" hits="0"/>
          </lines>
</class>
        <class line-rate="0" name="ReverseAssets" filename="target/scala-2.10/src_managed/main/routes_reverseRouting.scala">
          <methods/>
          <lines>
            <line number="24" hits="0"/>
            <line number="29" hits="0"/>
          </lines>
        </class>
      </classes>
    </package>
    <package line-rate="0" name="controllers.javascript">
      <classes>
        <class 
        line-rate="0" name="ReverseApplication" filename="target/scala-2.10/src_managed/main/routes_reverseRouting.scala">
          <methods/>
          <lines>
            <line number="102" hits="0"/>
            <line number="106" hits="0"/>
            <line number="117" hits="0"/>
            <line number="128" hits="0"/>
            <line number="139" hits="0"/>
          </lines>
</class>
        <class line-rate="0" name="ReverseAssets" filename="target/scala-2.10/src_managed/main/routes_reverseRouting.scala">
          <methods/>
          <lines>
            <line number="81" hits="0"/>
            <line number="85" hits="0"/>
          </lines>
        </class>
      </classes>
    </package>
    <package line-rate="0" name="controllers.ref">
      <classes>
        <class 
        line-rate="0" name="ReverseApplication" filename="target/scala-2.10/src_managed/main/routes_reverseRouting.scala">
          <methods/>
          <lines>
            <line number="180" hits="0"/>
            <line number="184" hits="0"/>
            <line number="190" hits="0"/>
            <line number="196" hits="0"/>
            <line number="202" hits="0"/>
          </lines>
</class>
        <class line-rate="0" name="ReverseAssets" filename="target/scala-2.10/src_managed/main/routes_reverseRouting.scala">
          <methods/>
          <lines>
            <line number="164" hits="0"/>
            <line number="168" hits="0"/>
          </lines>
        </class>
      </classes>
    </package>
    <package line-rate="1" name="model">
      <classes>
        <class line-rate="1" name="CheckstyleIssue" filename="app/model/CheckstyleIssue.scala">
          <methods/>
          <lines>
            <line number="13" hits="1"/>
          </lines>
        </class>
        <class line-rate="0" name="CheckstyleIssue" filename="app/model/CheckstyleIssue.scala">
          <methods/>
          <lines> </lines>
        </class>
        <class line-rate="1" name="CoberturaReport" filename="app/model/CoberturaReport.scala">
          <methods/>
          <lines>
            <line number="9" hits="1"/>
          </lines>
        </class>
        <class line-rate="0" name="CoberturaReport" filename="app/model/CoberturaReport.scala">
          <methods/>
          <lines> </lines>
        </class>
        <class line-rate="1" name="ScalaFileMetadatas" filename="app/model/ScalaFileMetadatas.scala">
          <methods/>
          <lines>
            <line number="3" hits="1"/>
          </lines>
        </class>
        <class line-rate="1" name="ScalaMetadatas" filename="app/model/ScalaFileMetadatas.scala">
          <methods/>
          <lines>
            <line number="12" hits="1"/>
          </lines>
        </class>
        <class line-rate="1" name="ScalaProjectMetaDatas" filename="app/model/ScalaFileMetadatas.scala">
          <methods/>
          <lines>
            <line number="31" hits="1"/>
          </lines>
        </class>
        <class line-rate="1" name="ScalaProjectMetaDatas" filename="app/model/ScalaFileMetadatas.scala">
          <methods/>
          <lines>
            <line number="16" hits="1"/>
            <line number="18" hits="5"/>
            <line number="19" hits="5"/>
            <line number="20" hits="5"/>
            <line number="21" hits="5"/>
            <line number="22" hits="5"/>
            <line number="23" hits="5"/>
            <line number="24" hits="5"/>
            <line number="25" hits="5"/>
            <line number="26" hits="5"/>
          </lines>
        </class>
      </classes>
    </package>
    <package line-rate="1" name="service.engine">
      <classes>
        <class line-rate="1" name="CheckstyleXMLParser" filename="app/service/engine/CheckstyleXMLParser.scala">
          <methods/>
          <lines>
            <line number="10" hits="1"/>
            <line number="11" hits="1"/>
            <line number="13" hits="1"/>
            <line number="15" hits="1"/>
            <line number="20" hits="1"/>
            <line number="21" hits="1"/>
            <line number="23" hits="1"/>
            <line number="24" hits="3"/>
          </lines>
        </class>
        <class line-rate="1" name="CoberturaXMLParser" filename="app/service/engine/CoberturaXMLParser.scala">
          <methods/>
          <lines>
            <line number="8" hits="1"/>
          </lines>
        </class>
        <class line-rate="1" name="ScalaFileParser" filename="app/service/engine/ScalaFileParser.scala">
          <methods/>
          <lines>
            <line number="9" hits="1"/>
            <line number="10" hits="2"/>
            <line number="11" hits="2"/>
            <line number="13" hits="1"/>
            <line number="14" hits="1"/>
            <line number="15" hits="1"/>
            <line number="16" hits="2"/>
            <line number="17" hits="3"/>
            <line number="18" hits="2"/>
            <line number="22" hits="1"/>
            <line number="24" hits="2"/>
            <line number="25" hits="1"/>
            <line number="27" hits="1"/>
            <line number="31" hits="2"/>
            <line number="32" hits="2"/>
            <line number="33" hits="2"/>
            <line number="34" hits="2"/>
            <line number="36" hits="1"/>
            <line number="40" hits="1"/>
            <line number="41" hits="1"/>
            <line number="42" hits="1"/>
            <line number="43" hits="2"/>
            <line number="44" hits="2"/>
            <line number="45" hits="2"/>
            <line number="48" hits="1"/>
          </lines>
        </class>
        <class line-rate="1" name="ScalaProjectParser" filename="app/service/engine/ScalaProjectParser.scala">
          <methods/>
          <lines>
            <line number="8" hits="1"/>
            <line number="11" hits="1"/>
            <line number="12" hits="2"/>
            <line number="13" hits="2"/>
            <line number="16" hits="1"/>
            <line number="17" hits="2"/>
            <line number="18" hits="2"/>
            <line number="21" hits="1"/>
          </lines>
        </class>
      </classes>
    </package>
    <package line-rate="1" name="util">
      <classes>
        <class line-rate="1" name="RichString" filename="app/util/RichString.scala">
          <methods/>
          <lines>
            <line number="4" hits="1"/>
          </lines>
        </class>
        <class line-rate="1" name="RichString.RichString" filename="app/util/RichString.scala">
          <methods/>
          <lines>
            <line number="6" hits="1"/>
            <line number="7" hits="1"/>
          </lines>
        </class>
      </classes>
    </package>
    <package line-rate="0" name="views.html">
      <classes>
        <class line-rate="0" name="coverage" filename="target/scala-2.10/src_managed/main/views/html/coverage.template.scala">
          <methods/>
          <lines>
            <line number="20" hits="0"/>
            <line number="40" hits="0"/>
            <line number="56" hits="0"/>
            <line number="58" hits="0"/>
            <line number="60" hits="0"/>
          </lines>
        </class>
        <class line-rate="0" name="index" filename="target/scala-2.10/src_managed/main/views/html/index.template.scala">
          <methods/>
          <lines>
            <line number="20" hits="0"/>
            <line number="77" hits="0"/>
            <line number="79" hits="0"/>
            <line number="81" hits="0"/>
          </lines>
        </class>
        <class line-rate="0" name="issues" filename="target/scala-2.10/src_managed/main/views/html/issues.template.scala">
          <methods/>
          <lines>
            <line number="20" hits="0"/>
            <line number="21" hits="0"/>
            <line number="24" hits="0"/>
            <line number="26" hits="0"/>
            <line number="46" hits="0"/>
            <line number="73" hits="0"/>
            <line number="95" hits="0"/>
            <line number="113" hits="0"/>
            <line number="115" hits="0"/>
            <line number="117" hits="0"/>
          </lines>
        </class>
        <class line-rate="0" name="main" filename="target/scala-2.10/src_managed/main/views/html/main.template.scala">
          <methods/>
          <lines>
            <line number="20" hits="0"/>
            <line number="40" hits="0"/>
            <line number="42" hits="0"/>
            <line number="44" hits="0"/>
          </lines>
        </class>
        <class line-rate="0" name="project" filename="target/scala-2.10/src_managed/main/views/html/project.template.scala">
          <methods/>
          <lines>
            <line number="20" hits="0"/>
            <line number="41" hits="0"/>
            <line number="121" hits="0"/>
            <line number="216" hits="0"/>
            <line number="243" hits="0"/>
            <line number="245" hits="0"/>
            <line number="247" hits="0"/>
          </lines>
        </class>
      </classes>
    </package>
  </packages>
</coverage>