<coverage line-rate="0.96">
  <packages>
    <package line-rate="0.97" name="fr.simply">
      <classes>
        <class line-rate="1" name="DELETE" filename="src/main/scala/fr/simply/StubServer.scala">
          <methods/>
          <lines>
            <line number="36" hits="1"/>
          </lines>
        </class>
        <class line-rate="1" name="DynamicServerResponse" filename="src/main/scala/fr/simply/StubServer.scala">
          <methods/>
          <lines>
            <line number="17" hits="1"/>
          </lines>
        </class>
        <class line-rate="1" name="GET" filename="src/main/scala/fr/simply/StubServer.scala">
          <methods/>
          <lines>
            <line number="21" hits="1"/>
          </lines>
        </class>
        <class line-rate="1" name="HEAD" filename="src/main/scala/fr/simply/StubServer.scala">
          <methods/>
          <lines>
            <line number="41" hits="1"/>
          </lines>
        </class>
        <class line-rate="1" name="OPTIONS" filename="src/main/scala/fr/simply/StubServer.scala">
          <methods/>
          <lines>
            <line number="46" hits="1"/>
          </lines>
        </class>
        <class line-rate="1" name="PATCH" filename="src/main/scala/fr/simply/StubServer.scala">
          <methods/>
          <lines>
            <line number="56" hits="1"/>
          </lines>
        </class>
        <class line-rate="1" name="POST" filename="src/main/scala/fr/simply/StubServer.scala">
          <methods/>
          <lines>
            <line number="26" hits="1"/>
          </lines>
        </class>
        <class line-rate="1" name="PUT" filename="src/main/scala/fr/simply/StubServer.scala">
          <methods/>
          <lines>
            <line number="31" hits="1"/>
          </lines>
        </class>
        <class line-rate="0" name="ServerResponse" filename="src/main/scala/fr/simply/StubServer.scala">
          <methods/>
          <lines> </lines>
        </class>
        <class line-rate="1" name="ServerRoute" filename="src/main/scala/fr/simply/StubServer.scala">
          <methods/>
          <lines>
            <line number="10" hits="1"/>
          </lines>
        </class>
        <class line-rate="0.97" name="SimplyScala" filename="src/main/scala/fr/simply/SimplyScala.scala">
          <methods/>
          <lines>
            <line number="9" hits="1"/>
            <line number="12" hits="1"/>
            <line number="14" hits="1"/>
            <line number="15" hits="1"/>
            <line number="16" hits="1"/>
            <line number="18" hits="2"/>
            <line number="19" hits="1"/>
            <line number="21" hits="1"/>
            <line number="22" hits="1"/>
            <line number="26" hits="1"/>
            <line number="28" hits="1"/>
            <line number="29" hits="1"/>
            <line number="30" hits="1"/>
            <line number="36" hits="1"/>
            <line number="38" hits="1"/>
            <line number="39" hits="1"/>
            <line number="40" hits="1"/>
            <line number="52" hits="1"/>
            <line number="53" hits="1"/>
            <line number="54" hits="1"/>
            <line number="55" hits="1"/>
            <line number="56" hits="1"/>
            <line number="60" hits="1"/>
            <line number="61" hits="1"/>
            <line number="62" hits="1"/>
            <line number="63" hits="1"/>
            <line number="64" hits="0"/>
            <line number="68" hits="1"/>
            <line number="74" hits="1"/>
            <line number="75" hits="1"/>
            <line number="76" hits="3"/>
            <line number="78" hits="1"/>
            <line number="82" hits="1"/>
            <line number="83" hits="2"/>
            <line number="84" hits="1"/>
            <line number="88" hits="3"/>
          </lines>
        </class>
        <class line-rate="1" name="StaticServerResponse" filename="src/main/scala/fr/simply/StubServer.scala">
          <methods/>
          <lines>
            <line number="16" hits="1"/>
          </lines>
        </class>
        <class line-rate="1" name="StubServer" filename="src/main/scala/fr/simply/StubServer.scala">
          <methods/>
          <lines>
            <line number="59" hits="1"/>
            <line number="60" hits="1"/>
            <line number="62" hits="1"/>
            <line number="64" hits="1"/>
            <line number="67" hits="1"/>
            <line number="68" hits="1"/>
            <line number="71" hits="2"/>
            <line number="74" hits="1"/>
            <line number="75" hits="1"/>
            <line number="79" hits="1"/>
            <line number="80" hits="1"/>
            <line number="82" hits="1"/>
            <line number="86" hits="1"/>
            <line number="89" hits="1"/>
            <line number="90" hits="1"/>
            <line number="92" hits="1"/>
            <line number="95" hits="1"/>
          </lines>
        </class>
        <class line-rate="0" name="TRACE" filename="src/main/scala/fr/simply/StubServer.scala">
          <methods/>
          <lines>
            <line number="51" hits="0"/>
          </lines>
        </class>
      </classes>
    </package>
    <package line-rate="1" name="fr.simply.fixture">
      <classes>
        <class line-rate="1" name="StubServerFixture" filename="src/main/scala/fr/simply/fixture/StubServerFixture.scala">
          <methods/>
          <lines>
            <line number="7" hits="1"/>
            <line number="9" hits="1"/>
            <line number="10" hits="1"/>
            <line number="11" hits="1"/>
          </lines>
        </class>
      </classes>
    </package>
    <package line-rate="0.87" name="fr.simply.internal.api">
      <classes>
        <class line-rate="1" name="Delete" filename="src/main/scala/fr/simply/internal/api/RestVerb.scala">
          <methods/>
          <lines>
            <line number="8" hits="1"/>
          </lines>
        </class>
        <class line-rate="1" name="Get" filename="src/main/scala/fr/simply/internal/api/RestVerb.scala">
          <methods/>
          <lines>
            <line number="5" hits="1"/>
          </lines>
        </class>
        <class line-rate="1" name="Head" filename="src/main/scala/fr/simply/internal/api/RestVerb.scala">
          <methods/>
          <lines>
            <line number="9" hits="1"/>
          </lines>
        </class>
        <class line-rate="1" name="Options" filename="src/main/scala/fr/simply/internal/api/RestVerb.scala">
          <methods/>
          <lines>
            <line number="10" hits="1"/>
          </lines>
        </class>
        <class line-rate="1" name="Patch" filename="src/main/scala/fr/simply/internal/api/RestVerb.scala">
          <methods/>
          <lines>
            <line number="12" hits="1"/>
          </lines>
        </class>
        <class line-rate="1" name="Post" filename="src/main/scala/fr/simply/internal/api/RestVerb.scala">
          <methods/>
          <lines>
            <line number="6" hits="1"/>
          </lines>
        </class>
        <class line-rate="1" name="Put" filename="src/main/scala/fr/simply/internal/api/RestVerb.scala">
          <methods/>
          <lines>
            <line number="7" hits="1"/>
          </lines>
        </class>
        <class line-rate="0" name="RestVerb" filename="src/main/scala/fr/simply/internal/api/RestVerb.scala">
          <methods/>
          <lines> </lines>
        </class>
        <class line-rate="0" name="Trace" filename="src/main/scala/fr/simply/internal/api/RestVerb.scala">
          <methods/>
          <lines>
            <line number="11" hits="0"/>
          </lines>
        </class>
      </classes>
    </package>
    <package line-rate="1" name="fr.simply.util">
      <classes>
        <class line-rate="1" name="ContentType" filename="src/main/scala/fr/simply/util/ContentType.scala">
          <methods/>
          <lines>
            <line number="3" hits="1"/>
            <line number="4" hits="1"/>
          </lines>
        </class>
        <class line-rate="0" name="Image_Jpeg" filename="src/main/scala/fr/simply/util/ContentType.scala">
          <methods/>
          <lines> </lines>
        </class>
        <class line-rate="0" name="Text_Html" filename="src/main/scala/fr/simply/util/ContentType.scala">
          <methods/>
          <lines> </lines>
        </class>
        <class line-rate="0" name="Text_Json" filename="src/main/scala/fr/simply/util/ContentType.scala">
          <methods/>
          <lines> </lines>
        </class>
        <class line-rate="0" name="Text_Plain" filename="src/main/scala/fr/simply/util/ContentType.scala">
          <methods/>
          <lines> </lines>
        </class>
      </classes>
    </package>
  </packages>
</coverage>